c:\users\gui16\documents\feup-prog-robots\debug\vc142.pdb
c:\users\gui16\documents\feup-prog-robots\debug\utils.obj
c:\users\gui16\documents\feup-prog-robots\debug\robot.obj
c:\users\gui16\documents\feup-prog-robots\debug\player.obj
c:\users\gui16\documents\feup-prog-robots\debug\menu.obj
c:\users\gui16\documents\feup-prog-robots\debug\main.obj
c:\users\gui16\documents\feup-prog-robots\debug\game.obj
c:\users\gui16\documents\feup-prog-robots\debug\post.obj
c:\users\gui16\documents\feup-prog-robots\debug\maze.obj
c:\users\gui16\documents\feup-prog-robots\debug\entity.obj
c:\users\gui16\documents\feup-prog-robots\debug\feup-prog-robots.exe
c:\users\gui16\documents\feup-prog-robots\debug\feup-prog-robots.ilk
c:\users\gui16\documents\feup-prog-robots\debug\feup-prog-robots.pdb
c:\users\gui16\documents\feup-prog-robots\debug\entity.nativecodeanalysis.xml
c:\users\gui16\documents\feup-prog-robots\debug\game.nativecodeanalysis.xml
c:\users\gui16\documents\feup-prog-robots\debug\main.nativecodeanalysis.xml
c:\users\gui16\documents\feup-prog-robots\debug\maze.nativecodeanalysis.xml
c:\users\gui16\documents\feup-prog-robots\debug\menu.nativecodeanalysis.xml
c:\users\gui16\documents\feup-prog-robots\debug\player.nativecodeanalysis.xml
c:\users\gui16\documents\feup-prog-robots\debug\post.nativecodeanalysis.xml
c:\users\gui16\documents\feup-prog-robots\debug\robot.nativecodeanalysis.xml
c:\users\gui16\documents\feup-prog-robots\debug\utils.nativecodeanalysis.xml
c:\users\gui16\documents\feup-prog-robots\debug\vc.nativecodeanalysis.all.xml
c:\users\gui16\documents\feup-prog-robots\debug\feup-prog-robots.tlog\cl.command.1.tlog
c:\users\gui16\documents\feup-prog-robots\debug\feup-prog-robots.tlog\cl.read.1.tlog
c:\users\gui16\documents\feup-prog-robots\debug\feup-prog-robots.tlog\cl.write.1.tlog
c:\users\gui16\documents\feup-prog-robots\debug\feup-prog-robots.tlog\link.command.1.tlog
c:\users\gui16\documents\feup-prog-robots\debug\feup-prog-robots.tlog\link.read.1.tlog
c:\users\gui16\documents\feup-prog-robots\debug\feup-prog-robots.tlog\link.write.1.tlog
